[ 2025-11-30 20:35:08,574 ] comtypes.client._code_cache - INFO - Imported existing <module 'comtypes.gen' from 'F:\\Bootcamp 1.0\\Assignments\\assignment-04\\.jarvis\\Lib\\site-packages\\comtypes\\gen\\__init__.py'>
[ 2025-11-30 20:35:08,574 ] comtypes.client._code_cache - INFO - Using writeable comtypes cache directory: 'F:\Bootcamp 1.0\Assignments\assignment-04\.jarvis\Lib\site-packages\comtypes\gen'
[ 2025-11-30 20:35:15,042 ] root - INFO - Listening for command...
[ 2025-11-30 20:35:20,259 ] root - INFO - Recognizing command...
[ 2025-11-30 20:35:20,913 ] root - INFO - Command recognized: who made you
[ 2025-11-30 20:35:25,270 ] root - INFO - User asked about assistant's creator.
[ 2025-11-30 20:35:25,404 ] root - INFO - Listening for command...
[ 2025-11-30 20:35:31,040 ] root - INFO - Recognizing command...
[ 2025-11-30 20:35:32,038 ] root - INFO - 
[ 2025-11-30 20:35:32,038 ] root - INFO - User query did not match any predefined commands.
[ 2025-11-30 20:35:38,167 ] root - INFO - Listening for command...
[ 2025-11-30 20:35:41,483 ] root - INFO - Recognizing command...
[ 2025-11-30 20:35:42,327 ] root - INFO - 
[ 2025-11-30 20:35:42,327 ] root - INFO - User query did not match any predefined commands.
[ 2025-11-30 20:35:48,433 ] root - INFO - Listening for command...
[ 2025-11-30 20:36:01,430 ] root - INFO - Recognizing command...
[ 2025-11-30 20:36:05,946 ] root - INFO - Command recognized: open calculator
[ 2025-11-30 20:36:08,271 ] root - INFO - User requested to open Calculator.
[ 2025-11-30 20:36:08,446 ] root - INFO - Listening for command...
[ 2025-11-30 20:36:18,454 ] root - INFO - Recognizing command...
[ 2025-11-30 20:36:19,704 ] root - INFO - Command recognized: stop
[ 2025-11-30 20:36:23,308 ] root - INFO - User requested to exit the application.
